2025-04-26 21:28:12,395 [INFO] Activator:177 - 


2025-04-26 21:28:12,396 [INFO] Activator:178 - !SESSION log4j initialized
2025-05-10 13:48:00,485 [INFO] Activator:177 - 


2025-05-10 13:48:00,485 [INFO] Activator:178 - !SESSION log4j initialized
2025-05-10 13:49:09,598 [INFO] Activator:177 - 


2025-05-10 13:49:09,599 [INFO] Activator:178 - !SESSION log4j initialized
2025-05-10 14:08:57,889 [INFO] McuFinderGlobals:39 - Set McuFinder mode to 2 (CubeIDE integrated)
2025-05-10 14:08:58,098 [INFO] ApplicationProperties:181 - Using Application install path: C:\ST\STM32CubeIDE_1.7.0\STM32CubeIDE\plugins\com.st.stm32cube.common.mx_6.3.0.202107141111
2025-05-10 14:08:58,130 [INFO] DbMcusXml:74 - Set database path to: C:\ST\STM32CubeIDE_1.7.0\STM32CubeIDE\plugins\com.st.stm32cube.common.mx_6.3.0.202107141111\\db\/mcu/
2025-05-10 14:08:58,134 [INFO] DbBoardsPdsc:56 - Set plugin database path to: C:\ST\STM32CubeIDE_1.7.0\STM32CubeIDE\plugins\com.st.stm32cube.common.mx_6.3.0.202107141111\\db\/plugins/boardmanager/
2025-05-10 14:08:58,134 [INFO] DbMcus:258 - Set plugin images path to: C:\ST\STM32CubeIDE_1.7.0\STM32CubeIDE\plugins\com.st.stm32cube.common.mx_6.3.0.202107141111\\db\/plugins/mcufinder/images/
2025-05-10 14:08:58,134 [INFO] DbBoards:264 - Set plugin images path to: C:\ST\STM32CubeIDE_1.7.0\STM32CubeIDE\plugins\com.st.stm32cube.common.mx_6.3.0.202107141111\\db\/plugins/mcufinder/images/
2025-05-10 14:08:58,136 [INFO] DbExamples:333 - Set plugin images path to: C:\ST\STM32CubeIDE_1.7.0\STM32CubeIDE\plugins\com.st.stm32cube.common.mx_6.3.0.202107141111\\db\/plugins/mcufinder/images/
2025-05-10 14:08:58,145 [INFO] DbMcusAds:119 - Set database path to: C:\Users\ADMIN\.stmcufinder\plugins\mcufinder//mcu/
2025-05-10 14:08:58,145 [INFO] DbMcusDocs:110 - Set database path to: C:\Users\ADMIN\.stmcufinder\plugins\mcufinder//mcu/
2025-05-10 14:08:58,147 [INFO] DbMcusJson:64 - Set database path to: C:\Users\ADMIN\.stmcufinder\plugins\mcufinder//mcu/
2025-05-10 14:08:58,149 [INFO] DbBoardsDocs:110 - Set database path to: C:\Users\ADMIN\.stmcufinder\plugins\mcufinder//mcu/
2025-05-10 14:08:58,149 [INFO] DbBoardsJson:57 - Set database path to: C:\Users\ADMIN\.stmcufinder\plugins\mcufinder//mcu/
2025-05-10 14:08:58,177 [INFO] CrossReferenceDbSqlite:196 - Set database path to: C:\Users\ADMIN\.stmcufinder\plugins\mcufinder//mcu/cs/
2025-05-10 14:08:58,191 [INFO] DbExamplesSqlite:767 - Set database path to: C:\Users\ADMIN\.stmcufinder\plugins\mcufinder//mcu/
2025-05-10 14:08:58,271 [INFO] RulesReader:57 - Compatibility file has been processed (242 Rules)
2025-05-10 14:08:58,366 [INFO] DbMcusXml:74 - Set database path to: C:\ST\STM32CubeIDE_1.7.0\STM32CubeIDE\plugins\com.st.stm32cube.common.mx_6.3.0.202107141111\\db\/mcu/
2025-05-10 14:08:58,366 [INFO] DbBoardsPdsc:56 - Set plugin database path to: C:\ST\STM32CubeIDE_1.7.0\STM32CubeIDE\plugins\com.st.stm32cube.common.mx_6.3.0.202107141111\\db\/plugins/boardmanager/
2025-05-10 14:08:58,366 [INFO] DbMcus:258 - Set plugin images path to: C:\ST\STM32CubeIDE_1.7.0\STM32CubeIDE\plugins\com.st.stm32cube.common.mx_6.3.0.202107141111\\db\/plugins/mcufinder/images/
2025-05-10 14:08:58,366 [INFO] DbBoards:264 - Set plugin images path to: C:\ST\STM32CubeIDE_1.7.0\STM32CubeIDE\plugins\com.st.stm32cube.common.mx_6.3.0.202107141111\\db\/plugins/mcufinder/images/
2025-05-10 14:08:58,366 [INFO] DbExamples:333 - Set plugin images path to: C:\ST\STM32CubeIDE_1.7.0\STM32CubeIDE\plugins\com.st.stm32cube.common.mx_6.3.0.202107141111\\db\/plugins/mcufinder/images/
2025-05-10 14:08:58,366 [WARN] DbFile:35 - Overriding database path with different value: C:\Users\ADMIN\.stmcufinder\plugins\mcufinder/ => C:\Users\ADMIN\.stmcufinder\plugins\mcufinder
2025-05-10 14:08:58,366 [INFO] DbMcusAds:119 - Set database path to: C:\Users\ADMIN\.stmcufinder\plugins\mcufinder//mcu/
2025-05-10 14:08:58,366 [WARN] DbFile:35 - Overriding database path with different value: C:\Users\ADMIN\.stmcufinder\plugins\mcufinder/ => C:\Users\ADMIN\.stmcufinder\plugins\mcufinder
2025-05-10 14:08:58,366 [INFO] DbMcusDocs:110 - Set database path to: C:\Users\ADMIN\.stmcufinder\plugins\mcufinder//mcu/
2025-05-10 14:08:58,366 [WARN] DbFile:35 - Overriding database path with different value: C:\Users\ADMIN\.stmcufinder\plugins\mcufinder/ => C:\Users\ADMIN\.stmcufinder\plugins\mcufinder
2025-05-10 14:08:58,366 [INFO] DbMcusJson:64 - Set database path to: C:\Users\ADMIN\.stmcufinder\plugins\mcufinder//mcu/
2025-05-10 14:08:58,366 [WARN] DbFile:35 - Overriding database path with different value: C:\Users\ADMIN\.stmcufinder\plugins\mcufinder/ => C:\Users\ADMIN\.stmcufinder\plugins\mcufinder
2025-05-10 14:08:58,366 [INFO] DbBoardsDocs:110 - Set database path to: C:\Users\ADMIN\.stmcufinder\plugins\mcufinder//mcu/
2025-05-10 14:08:58,366 [WARN] DbFile:35 - Overriding database path with different value: C:\Users\ADMIN\.stmcufinder\plugins\mcufinder/ => C:\Users\ADMIN\.stmcufinder\plugins\mcufinder
2025-05-10 14:08:58,366 [INFO] DbBoardsJson:57 - Set database path to: C:\Users\ADMIN\.stmcufinder\plugins\mcufinder//mcu/
2025-05-10 14:08:58,366 [WARN] DbFile:35 - Overriding database path with different value: C:\Users\ADMIN\.stmcufinder\plugins\mcufinder/ => C:\Users\ADMIN\.stmcufinder\plugins\mcufinder
2025-05-10 14:08:58,366 [WARN] DbFile:35 - Overriding database path with different value: C:\Users\ADMIN\.stmcufinder\plugins\mcufinder/ => C:\Users\ADMIN\.stmcufinder\plugins\mcufinder
2025-05-10 14:08:58,366 [INFO] CrossReferenceDbSqlite:196 - Set database path to: C:\Users\ADMIN\.stmcufinder\plugins\mcufinder//mcu/cs/
2025-05-10 14:08:58,366 [WARN] DbFile:35 - Overriding database path with different value: C:\Users\ADMIN\.stmcufinder\plugins\mcufinder/ => C:\Users\ADMIN\.stmcufinder\plugins\mcufinder
2025-05-10 14:08:58,366 [INFO] DbExamplesSqlite:767 - Set database path to: C:\Users\ADMIN\.stmcufinder\plugins\mcufinder//mcu/
2025-05-10 14:08:58,429 [INFO] MainPanel:214 - HeapMemory: 935329792
2025-05-10 14:08:58,524 [INFO] DbMcusXml:74 - Set database path to: C:\ST\STM32CubeIDE_1.7.0\STM32CubeIDE\plugins\com.st.stm32cube.common.mx_6.3.0.202107141111\\db\/mcu/
2025-05-10 14:08:58,526 [INFO] DbBoardsPdsc:56 - Set plugin database path to: C:\ST\STM32CubeIDE_1.7.0\STM32CubeIDE\plugins\com.st.stm32cube.common.mx_6.3.0.202107141111\\db\/plugins/boardmanager/
2025-05-10 14:08:58,526 [INFO] DbMcus:258 - Set plugin images path to: C:\ST\STM32CubeIDE_1.7.0\STM32CubeIDE\plugins\com.st.stm32cube.common.mx_6.3.0.202107141111\\db\/plugins/mcufinder/images/
2025-05-10 14:08:58,526 [INFO] DbBoards:264 - Set plugin images path to: C:\ST\STM32CubeIDE_1.7.0\STM32CubeIDE\plugins\com.st.stm32cube.common.mx_6.3.0.202107141111\\db\/plugins/mcufinder/images/
2025-05-10 14:08:58,526 [INFO] DbExamples:333 - Set plugin images path to: C:\ST\STM32CubeIDE_1.7.0\STM32CubeIDE\plugins\com.st.stm32cube.common.mx_6.3.0.202107141111\\db\/plugins/mcufinder/images/
2025-05-10 14:08:58,526 [WARN] DbFile:35 - Overriding database path with different value: C:\Users\ADMIN\.stmcufinder\plugins\mcufinder/ => C:\Users\ADMIN\.stmcufinder\plugins\mcufinder
2025-05-10 14:08:58,526 [INFO] DbMcusAds:119 - Set database path to: C:\Users\ADMIN\.stmcufinder\plugins\mcufinder//mcu/
2025-05-10 14:08:58,526 [WARN] DbFile:35 - Overriding database path with different value: C:\Users\ADMIN\.stmcufinder\plugins\mcufinder/ => C:\Users\ADMIN\.stmcufinder\plugins\mcufinder
2025-05-10 14:08:58,526 [INFO] DbMcusDocs:110 - Set database path to: C:\Users\ADMIN\.stmcufinder\plugins\mcufinder//mcu/
2025-05-10 14:08:58,526 [WARN] DbFile:35 - Overriding database path with different value: C:\Users\ADMIN\.stmcufinder\plugins\mcufinder/ => C:\Users\ADMIN\.stmcufinder\plugins\mcufinder
2025-05-10 14:08:58,526 [INFO] DbMcusJson:64 - Set database path to: C:\Users\ADMIN\.stmcufinder\plugins\mcufinder//mcu/
2025-05-10 14:08:58,526 [WARN] DbFile:35 - Overriding database path with different value: C:\Users\ADMIN\.stmcufinder\plugins\mcufinder/ => C:\Users\ADMIN\.stmcufinder\plugins\mcufinder
2025-05-10 14:08:58,526 [INFO] DbBoardsDocs:110 - Set database path to: C:\Users\ADMIN\.stmcufinder\plugins\mcufinder//mcu/
2025-05-10 14:08:58,526 [WARN] DbFile:35 - Overriding database path with different value: C:\Users\ADMIN\.stmcufinder\plugins\mcufinder/ => C:\Users\ADMIN\.stmcufinder\plugins\mcufinder
2025-05-10 14:08:58,526 [INFO] DbBoardsJson:57 - Set database path to: C:\Users\ADMIN\.stmcufinder\plugins\mcufinder//mcu/
2025-05-10 14:08:58,526 [WARN] DbFile:35 - Overriding database path with different value: C:\Users\ADMIN\.stmcufinder\plugins\mcufinder/ => C:\Users\ADMIN\.stmcufinder\plugins\mcufinder
2025-05-10 14:08:58,526 [WARN] DbFile:35 - Overriding database path with different value: C:\Users\ADMIN\.stmcufinder\plugins\mcufinder/ => C:\Users\ADMIN\.stmcufinder\plugins\mcufinder
2025-05-10 14:08:58,526 [INFO] CrossReferenceDbSqlite:196 - Set database path to: C:\Users\ADMIN\.stmcufinder\plugins\mcufinder//mcu/cs/
2025-05-10 14:08:58,526 [WARN] DbFile:35 - Overriding database path with different value: C:\Users\ADMIN\.stmcufinder\plugins\mcufinder/ => C:\Users\ADMIN\.stmcufinder\plugins\mcufinder
2025-05-10 14:08:58,526 [INFO] DbExamplesSqlite:767 - Set database path to: C:\Users\ADMIN\.stmcufinder\plugins\mcufinder//mcu/
2025-05-10 14:08:58,544 [INFO] ApplicationProperties:181 - Using Application install path: C:\ST\STM32CubeIDE_1.7.0\STM32CubeIDE\plugins\com.st.stm32cube.common.mx_6.3.0.202107141111
2025-05-10 14:08:58,544 [INFO] PluginManage:188 - Search for loadable plugins [exclusion list=, ]
2025-05-10 14:08:58,544 [INFO] PluginManage:302 - Check plugin analytics
2025-05-10 14:08:58,668 [INFO] AnalyticsPlugin:257 - Accepted Software Licenses: 
2025-05-10 14:08:58,668 [INFO] AnalyticsPlugin:259 - Accepted CMSIS Pack Licenses: 
2025-05-10 14:08:58,668 [INFO] AnalyticsPlugin:261 - Accepted Firmware Licenses: 
2025-05-10 14:08:58,668 [INFO] PluginManage:352 - Loaded plugin analytics (category:tool,tabindex:-1)
2025-05-10 14:08:58,668 [INFO] PluginManage:302 - Check plugin clock
2025-05-10 14:08:58,690 [INFO] PluginManage:352 - Loaded plugin clock (category:base,tabindex:2)
2025-05-10 14:08:58,690 [INFO] PluginManage:302 - Check plugin ddr
2025-05-10 14:08:58,690 [INFO] PluginManage:352 - Loaded plugin ddr (category:tool,tabindex:6)
2025-05-10 14:08:58,690 [INFO] PluginManage:302 - Check plugin filemanager
2025-05-10 14:08:58,805 [INFO] PluginManage:352 - Loaded plugin filemanager (category:base,tabindex:10)
2025-05-10 14:08:58,805 [INFO] PluginManage:302 - Check plugin ipmanager
2025-05-10 14:08:58,808 [INFO] PluginManage:352 - Loaded plugin ipmanager (category:base,tabindex:5)
2025-05-10 14:08:58,808 [INFO] PluginManage:302 - Check plugin pinoutandconfiguration
2025-05-10 14:08:58,831 [INFO] PluginManage:352 - Loaded plugin pinoutandconfiguration (category:base,tabindex:1)
2025-05-10 14:08:58,831 [INFO] PluginManage:302 - Check plugin pinoutconfig
2025-05-10 14:08:58,866 [INFO] PluginManage:352 - Loaded plugin pinoutconfig (category:base,tabindex:0)
2025-05-10 14:08:58,866 [INFO] PluginManage:302 - Check plugin power
2025-05-10 14:08:58,888 [INFO] PluginManage:352 - Loaded plugin power (category:power,tabindex:4)
2025-05-10 14:08:58,888 [INFO] PluginManage:302 - Check plugin projectmanager
2025-05-10 14:08:58,895 [INFO] PluginManage:352 - Loaded plugin projectmanager (category:projectmanager,tabindex:3)
2025-05-10 14:08:58,895 [INFO] PluginManage:302 - Check plugin thirdparty
2025-05-10 14:08:59,152 [INFO] PluginManage:352 - Loaded plugin thirdparty (category:base,tabindex:-1)
2025-05-10 14:08:59,152 [INFO] PluginManage:302 - Check plugin tools
2025-05-10 14:08:59,152 [WARN] IntegrityCheckThread:78 - waiting for thirdparty lock release [integrity check]
2025-05-10 14:08:59,152 [INFO] IntegrityCheckThread:80 - entering critical section [integrity check]
2025-05-10 14:08:59,152 [INFO] ThirdPartyUpdaterWithRetryManager:66 - Updater plugin not ready yet. [1/15]
2025-05-10 14:08:59,231 [INFO] PluginManage:352 - Loaded plugin tools (category:base,tabindex:7)
2025-05-10 14:08:59,231 [INFO] PluginManage:302 - Check plugin tutovideos
2025-05-10 14:08:59,437 [INFO] PluginManage:352 - Loaded plugin tutovideos (category:base,tabindex:-1)
2025-05-10 14:08:59,437 [INFO] PluginManage:302 - Check plugin updater
2025-05-10 14:08:59,437 [INFO] PluginManage:352 - Loaded plugin updater (category:base,tabindex:12)
2025-05-10 14:08:59,437 [INFO] PluginManage:275 - PluginManage : Loaded plugins [13]
2025-05-10 14:08:59,600 [INFO] PinOutPanel:1463 - setPackage(No Configuration,No Configuration)
2025-05-10 14:08:59,691 [INFO] IPUIPlugin:74 - create IPUIPlugin
2025-05-10 14:08:59,691 [INFO] PluginManager:213 - loadIPPluginJar : add adc
2025-05-10 14:08:59,739 [INFO] IPUIPlugin:74 - create IPUIPlugin
2025-05-10 14:08:59,739 [INFO] PluginManager:213 - loadIPPluginJar : add aes
2025-05-10 14:08:59,802 [INFO] IPUIPlugin:74 - create IPUIPlugin
2025-05-10 14:08:59,802 [INFO] PluginManager:213 - loadIPPluginJar : add can
2025-05-10 14:08:59,834 [INFO] IPUIPlugin:74 - create IPUIPlugin
2025-05-10 14:08:59,834 [INFO] PluginManager:213 - loadIPPluginJar : add comp
2025-05-10 14:08:59,882 [INFO] IPUIPlugin:74 - create IPUIPlugin
2025-05-10 14:08:59,882 [INFO] PluginManager:213 - loadIPPluginJar : add cryp
2025-05-10 14:08:59,929 [INFO] IPUIPlugin:74 - create IPUIPlugin
2025-05-10 14:08:59,929 [INFO] PluginManager:213 - loadIPPluginJar : add dfsdm
2025-05-10 14:08:59,945 [INFO] IPUIPlugin:74 - create IPUIPlugin
2025-05-10 14:08:59,945 [INFO] PluginManager:213 - loadIPPluginJar : add dma
2025-05-10 14:09:00,009 [INFO] IPUIPlugin:74 - create IPUIPlugin
2025-05-10 14:09:00,009 [INFO] PluginManager:213 - loadIPPluginJar : add dma3
2025-05-10 14:09:00,057 [INFO] IPUIPlugin:74 - create IPUIPlugin
2025-05-10 14:09:00,057 [INFO] PluginManager:213 - loadIPPluginJar : add fatfs
2025-05-10 14:09:00,135 [INFO] IPUIPlugin:74 - create IPUIPlugin
2025-05-10 14:09:00,135 [INFO] PluginManager:213 - loadIPPluginJar : add fmc
2025-05-10 14:09:00,151 [INFO] IPUIPlugin:74 - create IPUIPlugin
2025-05-10 14:09:00,151 [INFO] PluginManager:213 - loadIPPluginJar : add freertos
2025-05-10 14:09:00,183 [INFO] IPUIPlugin:74 - create IPUIPlugin
2025-05-10 14:09:00,183 [INFO] PluginManager:213 - loadIPPluginJar : add genericplugin
2025-05-10 14:09:00,309 [INFO] IPUIPlugin:74 - create IPUIPlugin
2025-05-10 14:09:00,309 [INFO] PluginManager:213 - loadIPPluginJar : add gfxmmu
2025-05-10 14:09:00,452 [INFO] IPUIPlugin:74 - create IPUIPlugin
2025-05-10 14:09:00,452 [INFO] PluginManager:213 - loadIPPluginJar : add gic
2025-05-10 14:09:00,468 [INFO] IPUIPlugin:74 - create IPUIPlugin
2025-05-10 14:09:00,468 [INFO] PluginManager:213 - loadIPPluginJar : add gpio
2025-05-10 14:09:00,548 [INFO] IPUIPlugin:74 - create IPUIPlugin
2025-05-10 14:09:00,548 [INFO] PluginManager:213 - loadIPPluginJar : add gtzc
2025-05-10 14:09:00,600 [INFO] IPUIPlugin:74 - create IPUIPlugin
2025-05-10 14:09:00,600 [INFO] PluginManager:213 - loadIPPluginJar : add hash
2025-05-10 14:09:00,660 [INFO] IPUIPlugin:74 - create IPUIPlugin
2025-05-10 14:09:00,660 [INFO] PluginManager:213 - loadIPPluginJar : add i2c
2025-05-10 14:09:00,724 [INFO] IPUIPlugin:74 - create IPUIPlugin
2025-05-10 14:09:00,724 [INFO] PluginManager:213 - loadIPPluginJar : add i2s
2025-05-10 14:09:00,740 [INFO] IPUIPlugin:74 - create IPUIPlugin
2025-05-10 14:09:00,740 [INFO] PluginManager:213 - loadIPPluginJar : add ipddr
2025-05-10 14:09:00,835 [INFO] IPUIPlugin:74 - create IPUIPlugin
2025-05-10 14:09:00,835 [INFO] PluginManager:213 - loadIPPluginJar : add linkedlist
2025-05-10 14:09:00,899 [INFO] IPUIPlugin:74 - create IPUIPlugin
2025-05-10 14:09:00,899 [INFO] PluginManager:213 - loadIPPluginJar : add lorawan
2025-05-10 14:09:00,947 [INFO] IPUIPlugin:74 - create IPUIPlugin
2025-05-10 14:09:00,947 [INFO] PluginManager:213 - loadIPPluginJar : add ltdc
2025-05-10 14:09:00,963 [INFO] IPUIPlugin:74 - create IPUIPlugin
2025-05-10 14:09:00,963 [INFO] PluginManager:213 - loadIPPluginJar : add mdma
2025-05-10 14:09:00,979 [INFO] IPUIPlugin:74 - create IPUIPlugin
2025-05-10 14:09:00,979 [INFO] PluginManager:213 - loadIPPluginJar : add nvic
2025-05-10 14:09:01,026 [INFO] IPUIPlugin:74 - create IPUIPlugin
2025-05-10 14:09:01,042 [INFO] PluginManager:213 - loadIPPluginJar : add opamp
2025-05-10 14:09:01,106 [INFO] IPUIPlugin:74 - create IPUIPlugin
2025-05-10 14:09:01,106 [INFO] PluginManager:213 - loadIPPluginJar : add openamp
2025-05-10 14:09:01,173 [INFO] IPUIPlugin:74 - create IPUIPlugin
2025-05-10 14:09:01,173 [INFO] PluginManager:213 - loadIPPluginJar : add pdm2pcm
2025-05-10 14:09:01,185 [INFO] IPUIPlugin:74 - create IPUIPlugin
2025-05-10 14:09:01,185 [INFO] PluginManager:213 - loadIPPluginJar : add plateformsettings
2025-05-10 14:09:01,233 [INFO] IPUIPlugin:74 - create IPUIPlugin
2025-05-10 14:09:01,233 [INFO] PluginManager:213 - loadIPPluginJar : add quadspi
2025-05-10 14:09:01,249 [INFO] IPUIPlugin:74 - create IPUIPlugin
2025-05-10 14:09:01,249 [INFO] PluginManager:213 - loadIPPluginJar : add resmgrutility
2025-05-10 14:09:01,312 [INFO] IPUIPlugin:74 - create IPUIPlugin
2025-05-10 14:09:01,312 [INFO] PluginManager:213 - loadIPPluginJar : add sai
2025-05-10 14:09:01,360 [INFO] IPUIPlugin:74 - create IPUIPlugin
2025-05-10 14:09:01,360 [INFO] PluginManager:213 - loadIPPluginJar : add spi
2025-05-10 14:09:01,427 [INFO] IPUIPlugin:74 - create IPUIPlugin
2025-05-10 14:09:01,427 [INFO] PluginManager:213 - loadIPPluginJar : add stm32_wpan
2025-05-10 14:09:01,471 [INFO] IPUIPlugin:74 - create IPUIPlugin
2025-05-10 14:09:01,471 [INFO] PluginManager:213 - loadIPPluginJar : add tim
2025-05-10 14:09:01,535 [INFO] IPUIPlugin:74 - create IPUIPlugin
2025-05-10 14:09:01,535 [INFO] PluginManager:213 - loadIPPluginJar : add touchsensing
2025-05-10 14:09:01,583 [INFO] IPUIPlugin:74 - create IPUIPlugin
2025-05-10 14:09:01,583 [INFO] PluginManager:213 - loadIPPluginJar : add tracer_emb
2025-05-10 14:09:01,614 [INFO] IPUIPlugin:74 - create IPUIPlugin
2025-05-10 14:09:01,614 [INFO] PluginManager:213 - loadIPPluginJar : add ts
2025-05-10 14:09:01,662 [INFO] IPUIPlugin:74 - create IPUIPlugin
2025-05-10 14:09:01,662 [INFO] PluginManager:213 - loadIPPluginJar : add tsc
2025-05-10 14:09:01,694 [INFO] IPUIPlugin:74 - create IPUIPlugin
2025-05-10 14:09:01,694 [INFO] PluginManager:213 - loadIPPluginJar : add ucpd
2025-05-10 14:09:01,758 [INFO] IPUIPlugin:74 - create IPUIPlugin
2025-05-10 14:09:01,758 [INFO] PluginManager:213 - loadIPPluginJar : add usart
2025-05-10 14:09:01,805 [INFO] IPUIPlugin:74 - create IPUIPlugin
2025-05-10 14:09:01,805 [INFO] PluginManager:213 - loadIPPluginJar : add usbx
2025-05-10 14:09:02,098 [FATAL] Updater:294 - Updater called before beeing initialized
2025-05-10 14:09:02,153 [INFO] ThirdPartyUpdaterWithRetryManager:66 - Updater plugin not ready yet. [2/15]
2025-05-10 14:09:02,186 [FATAL] Updater:294 - Updater called before beeing initialized
2025-05-10 14:09:02,198 [INFO] DbMcusAds:47 - JSON generation date=Thu Mar 06 21:54:22 ICT 2025 (1741272862078)
2025-05-10 14:09:02,198 [FATAL] Updater:294 - Updater called before beeing initialized
2025-05-10 14:09:02,233 [WARN] DetailPanel:314 - Failed to get advertising image, set to default
2025-05-10 14:09:02,318 [FATAL] Updater:294 - Updater called before beeing initialized
2025-05-10 14:09:02,320 [FATAL] Updater:294 - Updater called before beeing initialized
2025-05-10 14:09:02,322 [FATAL] Updater:294 - Updater called before beeing initialized
2025-05-10 14:09:02,322 [WARN] DetailPanel:314 - Failed to get advertising image, set to default
2025-05-10 14:09:02,322 [FATAL] Updater:294 - Updater called before beeing initialized
2025-05-10 14:09:02,372 [ERROR] Updater:1075 - MainUpdater not yet initialized. External WinMGr cannot be set.
2025-05-10 14:09:02,374 [INFO] Updater:1012 - Updater Version found : 6.3.0
2025-05-10 14:09:02,405 [INFO] ApplicationProperties:181 - Using Application install path: C:\ST\STM32CubeIDE_1.7.0\STM32CubeIDE\plugins\com.st.stm32cube.common.mx_6.3.0.202107141111
2025-05-10 14:09:02,580 [INFO] MainUpdater:2671 - connection check result : 10
2025-05-10 14:09:02,580 [INFO] MainUpdater:3359 - Updater definition file requires update
2025-05-10 14:09:02,580 [INFO] MainUpdater:265 - Updater Check For Update Now.
2025-05-10 14:09:02,580 [INFO] MicroXplorer:478 - Change Database Version : DB.6.0.30
2025-05-10 14:09:02,627 [INFO] ServerAccessManage:362 - Download File updaters.zip
2025-05-10 14:09:02,722 [INFO] FileExtend:235 - Unzip File : updaters.zip
2025-05-10 14:09:02,722 [INFO] FileExtend:250 - Standard Zip Deflate
2025-05-10 14:09:03,239 [INFO] ServerAccessManage:362 - Download File PacksControlFlags.xml
2025-05-10 14:09:03,383 [INFO] ServerAccessManage:362 - Download File cubemx.pidx
2025-05-10 14:09:04,007 [INFO] ServerAccessManage:362 - Download File STMicroelectronics.X-CUBE-FREERTOS.pdsc
2025-05-10 14:09:04,546 [INFO] ServerAccessManage:362 - Download File STMicroelectronics.X-CUBE-NFC7.pdsc
2025-05-10 14:09:05,153 [WARN] MainUpdater:1122 - Updater busy. Cannot search thirdparties
2025-05-10 14:09:05,153 [INFO] ThirdPartyUpdaterWithRetryManager:92 - Updater plugin is busy. [1/15]
2025-05-10 14:09:05,327 [INFO] ServerAccessManage:362 - Download File STMicroelectronics.X-CUBE-WB05N.pdsc
2025-05-10 14:09:05,726 [WARN] PopulateThirdPartyThread:100 - Error when creating pack: C:/Users/ADMIN/.stm32cubemx/thirdparties/pdsc/STMicroelectronics.X-CUBE-FREERTOS.pdsc
2025-05-10 14:09:05,760 [WARN] PackLoader:238 - Cannot read IP mode file for STMicroelectronics.X-CUBE-NFC7.2.0.0
2025-05-10 14:09:05,770 [WARN] PackLoader:238 - Cannot read IP mode file for STMicroelectronics.X-CUBE-WB05N.2.0.0
2025-05-10 14:09:05,770 [INFO] PopulateThirdPartyThread:60 - Ending populate Thread
2025-05-10 14:09:05,774 [INFO] ThirdParty:967 - CMSIS Pack Vendor :STMicroelectronics X-CUBE-NFC7 2.0.0
2025-05-10 14:09:05,774 [INFO] ThirdParty:967 - CMSIS Pack Vendor :STMicroelectronics X-CUBE-WB05N 2.0.0
2025-05-10 14:09:05,774 [INFO] LoadServerUpdatesThread:339 - End of LoadServerUpdate Thread
2025-05-10 14:09:05,880 [INFO] CheckServerUpdateThread:112 - End of CheckServer Thread
2025-05-10 14:09:05,983 [INFO] MainUpdater:2671 - connection check result : 10
2025-05-10 14:09:05,999 [INFO] McuFinderGlobals:52 - Set McuFinderConnectedMode to true
2025-05-10 14:09:06,266 [INFO] ServerAccessManage:362 - Download File mcusAds.json._tmp_
2025-05-10 14:09:06,382 [INFO] LoadUrlFilesThread:145 - End of LoadUrlFiles Thread
2025-05-10 14:09:07,123 [INFO] ServerAccessManage:362 - Download File mcusDocs.json._tmp_
2025-05-10 14:09:07,981 [INFO] LoadUrlFilesThread:145 - End of LoadUrlFiles Thread
2025-05-10 14:09:08,165 [WARN] MainUpdater:1122 - Updater busy. Cannot search thirdparties
2025-05-10 14:09:08,165 [INFO] ThirdPartyUpdaterWithRetryManager:92 - Updater plugin is busy. [2/15]
2025-05-10 14:09:08,212 [INFO] ServerAccessManage:362 - Download File mcusFeaturesAndDescription.json._tmp_
2025-05-10 14:09:09,384 [INFO] LoadUrlFilesThread:145 - End of LoadUrlFiles Thread
2025-05-10 14:09:09,606 [INFO] ServerAccessManage:362 - Download File boardsDocs.json._tmp_
2025-05-10 14:09:09,718 [INFO] LoadUrlFilesThread:145 - End of LoadUrlFiles Thread
2025-05-10 14:09:09,925 [INFO] ServerAccessManage:362 - Download File boards.json._tmp_
2025-05-10 14:09:10,183 [INFO] LoadUrlFilesThread:145 - End of LoadUrlFiles Thread
2025-05-10 14:09:10,229 [INFO] ServerAccessManage:362 - Download File cube-finder-db.zip
2025-05-10 14:09:11,176 [WARN] MainUpdater:1122 - Updater busy. Cannot search thirdparties
2025-05-10 14:09:11,176 [INFO] ThirdPartyUpdaterWithRetryManager:92 - Updater plugin is busy. [3/15]
2025-05-10 14:09:14,180 [WARN] MainUpdater:1122 - Updater busy. Cannot search thirdparties
2025-05-10 14:09:14,180 [INFO] ThirdPartyUpdaterWithRetryManager:92 - Updater plugin is busy. [4/15]
2025-05-10 14:09:14,708 [INFO] FileExtend:235 - Unzip File : cube-finder-db.zip
2025-05-10 14:09:14,708 [INFO] FileExtend:250 - Standard Zip Deflate
2025-05-10 14:09:15,525 [INFO] LoadUrlFilesThread:145 - End of LoadUrlFiles Thread
2025-05-10 14:09:16,675 [INFO] ServerAccessManage:362 - Download File crdb.zip
2025-05-10 14:09:17,182 [WARN] MainUpdater:1122 - Updater busy. Cannot search thirdparties
2025-05-10 14:09:17,182 [INFO] ThirdPartyUpdaterWithRetryManager:92 - Updater plugin is busy. [5/15]
2025-05-10 14:09:18,058 [INFO] FileExtend:235 - Unzip File : crdb.zip
2025-05-10 14:09:18,058 [INFO] FileExtend:250 - Standard Zip Deflate
2025-05-10 14:09:18,222 [INFO] LoadUrlFilesThread:145 - End of LoadUrlFiles Thread
2025-05-10 14:09:18,276 [INFO] ServerAccessManage:362 - Download File tutoVideoDB.zip
2025-05-10 14:09:18,295 [INFO] FileExtend:235 - Unzip File : tutoVideoDB.zip
2025-05-10 14:09:18,295 [INFO] FileExtend:250 - Standard Zip Deflate
2025-05-10 14:09:18,426 [INFO] LoadUrlFilesThread:145 - End of LoadUrlFiles Thread
2025-05-10 14:09:18,426 [INFO] DbMcusAds:47 - JSON generation date=Wed May 07 16:07:55 ICT 2025 (1746608875513)
2025-05-10 14:09:18,440 [INFO] DbMcusDocs:143 - JSON generation date=Tue Nov 16 23:17:54 ICT 2021 (1637079474)
2025-05-10 14:09:18,442 [INFO] DbMcusXml:100 - Load MCU database from C:\ST\STM32CubeIDE_1.7.0\STM32CubeIDE\plugins\com.st.stm32cube.common.mx_6.3.0.202107141111\\db\/mcu/families.xml
2025-05-10 14:09:19,018 [INFO] DbMcusJson:93 - JSON generation date=Tue Nov 16 23:17:54 ICT 2021 (1637079474)
2025-05-10 14:09:19,447 [INFO] DbMcus:175 - Found 1951 MCUs (1903 are supported by CubeMX, 1914 are visible in CubeMX)
2025-05-10 14:09:19,449 [INFO] ApiDb:251 - Load user favorites file C:\Users\ADMIN/.stm32cubeide/favorites.mcus.txt: 0 item(s)
2025-05-10 14:09:19,449 [INFO] ApiDb:255 - User favorites MCUs=[]
2025-05-10 14:09:19,449 [INFO] DbMcus:187 - Set 0 / 0 favorites MCUs
2025-05-10 14:09:19,790 [INFO] DbMcusDocs:79 - Found 682 MCUs documents
2025-05-10 14:09:19,792 [INFO] ApiDb:276 - Save user favorites file C:\Users\ADMIN/.stm32cubeide/favorites.mcus.txt: 0 item(s)
2025-05-10 14:09:19,792 [INFO] ApiDb:280 - User favorites MCUs=[]
2025-05-10 14:09:19,792 [INFO] DbMcusXml:100 - Load MCU database from C:\ST\STM32CubeIDE_1.7.0\STM32CubeIDE\plugins\com.st.stm32cube.common.mx_6.3.0.202107141111\\db\/mcu/families.xml
2025-05-10 14:09:20,506 [ERROR] Engine:463 - C:\Users\ADMIN\.stm32cubemx\thirdparties\pdsc\STMicroelectronics.FP-SNS-MOTENVWB1.1.4.0.pdsc: PDSC version is not supported
2025-05-10 14:09:20,522 [WARN] PackLoader:238 - Cannot read IP mode file for STMicroelectronics.FP-ATR-ASTRA1.2.0.1
2025-05-10 14:09:20,541 [ERROR] Engine:463 - C:\Users\ADMIN\.stm32cubemx\thirdparties\pdsc\STMicroelectronics.X-CUBE-SMBUS.2.1.0.pdsc: PDSC version is not supported
2025-05-10 14:09:20,559 [WARN] PackLoader:238 - Cannot read IP mode file for STMicroelectronics.X-CUBE-WB05N.1.1.0
2025-05-10 14:09:20,606 [INFO] DbMcusJson:93 - JSON generation date=Tue Nov 16 23:17:54 ICT 2021 (1637079474)
2025-05-10 14:09:20,606 [WARN] PackLoader:238 - Cannot read IP mode file for STMicroelectronics.X-CUBE-AZRTOS-F7.1.1.0
2025-05-10 14:09:20,704 [WARN] PackLoader:238 - Cannot read IP mode file for STMicroelectronics.X-CUBE-MEMS1.11.0.0
2025-05-10 14:09:20,879 [ERROR] Engine:463 - C:\Users\ADMIN\.stm32cubemx\thirdparties\pdsc\STMicroelectronics.FP-SNS-FLIGHT1.5.0.2.pdsc: PDSC version is not supported
2025-05-10 14:09:20,891 [ERROR] Engine:463 - C:\Users\ADMIN\.stm32cubemx\thirdparties\pdsc\STMicroelectronics.X-CUBE-DISPLAY.3.0.0.pdsc: PDSC version is not supported
2025-05-10 14:09:20,904 [WARN] PackLoader:238 - Cannot read IP mode file for STMicroelectronics.X-CUBE-BLE1.7.0.0
2025-05-10 14:09:20,920 [WARN] PackLoader:238 - Cannot read IP mode file for STMicroelectronics.X-CUBE-NFC10.1.0.0
2025-05-10 14:09:20,936 [ERROR] Engine:463 - C:\Users\ADMIN\.stm32cubemx\thirdparties\pdsc\STMicroelectronics.X-CUBE-BLEMGR.4.0.0.pdsc: PDSC version is not supported
2025-05-10 14:09:20,936 [ERROR] Engine:463 - C:\Users\ADMIN\.stm32cubemx\thirdparties\pdsc\emotas.I-CUBE-CANOPEN.1.3.0.pdsc: PDSC version is not supported
2025-05-10 14:09:20,952 [ERROR] Engine:463 - C:\Users\ADMIN\.stm32cubemx\thirdparties\pdsc\STMicroelectronics.X-CUBE-BLEMGR.3.1.0.pdsc: PDSC version is not supported
2025-05-10 14:09:20,970 [ERROR] Engine:463 - C:\Users\ADMIN\.stm32cubemx\thirdparties\pdsc\STMicroelectronics.FP-SNS-SMARTAG2.1.2.0.pdsc: PDSC version is not supported
2025-05-10 14:09:20,988 [INFO] LogOutputStream:76 - [STDOUT_REDIRECT] 1 : Invalid condition id : UX_CORESTACK_Condition cause : null
2025-05-10 14:09:20,988 [INFO] LogOutputStream:76 - [STDOUT_REDIRECT] 1 : Invalid condition id : UX_CORESTACK_Condition cause : null
2025-05-10 14:09:21,000 [INFO] LogOutputStream:76 - [STDOUT_REDIRECT] 1 : Invalid condition id : UX_CORESTACK_Condition cause : null
2025-05-10 14:09:21,000 [INFO] LogOutputStream:76 - [STDOUT_REDIRECT] 1 : Invalid condition id : UX_CORESTACK_Condition cause : null
2025-05-10 14:09:21,002 [INFO] LogOutputStream:76 - [STDOUT_REDIRECT] 1 : Invalid condition id : UX_CORESTACK_Condition cause : null
2025-05-10 14:09:21,006 [WARN] PackLoader:238 - Cannot read IP mode file for STMicroelectronics.X-CUBE-AZRTOS-WL.2.0.0
2025-05-10 14:09:21,018 [ERROR] Engine:463 - C:\Users\ADMIN\.stm32cubemx\thirdparties\pdsc\STMicroelectronics.FP-SNS-MOTENV1.5.0.0.pdsc: PDSC version is not supported
2025-05-10 14:09:21,024 [WARN] PackLoader:238 - Cannot read IP mode file for wolfSSL.I-CUBE-wolfMQTT.1.19.0
2025-05-10 14:09:21,042 [WARN] PackLoader:238 - Cannot read IP mode file for WES.I-CUBE-Cesium.1.3.0
2025-05-10 14:09:21,051 [INFO] DbMcus:175 - Found 1951 MCUs (1903 are supported by CubeMX, 1914 are visible in CubeMX)
2025-05-10 14:09:21,053 [INFO] ApiDb:251 - Load user favorites file C:\Users\ADMIN/.stm32cubeide/favorites.mcus.txt: 0 item(s)
2025-05-10 14:09:21,053 [INFO] ApiDb:255 - User favorites MCUs=[]
2025-05-10 14:09:21,053 [INFO] DbMcus:187 - Set 0 / 0 favorites MCUs
2025-05-10 14:09:21,057 [WARN] PackLoader:238 - Cannot read IP mode file for STMicroelectronics.X-CUBE-BLE2.3.3.0
2025-05-10 14:09:21,061 [INFO] DbBoardsDocs:143 - JSON generation date=Tue Nov 16 23:17:54 ICT 2021 (1637079474)
2025-05-10 14:09:21,073 [WARN] PackLoader:238 - Cannot read IP mode file for STMicroelectronics.X-CUBE-NFC9.1.0.0
2025-05-10 14:09:21,084 [INFO] DbBoardsPdsc:90 - Found 25 items
2025-05-10 14:09:21,086 [ERROR] Engine:463 - C:\Users\ADMIN\.stm32cubemx\thirdparties\pdsc\STMicroelectronics.X-CUBE-TCPP.4.1.0.pdsc: PDSC version is not supported
2025-05-10 14:09:21,096 [INFO] DbBoardsPdsc:90 - Found 9 items
2025-05-10 14:09:21,112 [INFO] DbBoardsPdsc:90 - Found 33 items
2025-05-10 14:09:21,126 [INFO] DbBoardsPdsc:90 - Found 1 items
2025-05-10 14:09:21,146 [INFO] DbBoardsPdsc:90 - Found 48 items
2025-05-10 14:09:21,150 [WARN] PackLoader:238 - Cannot read IP mode file for STMicroelectronics.X-CUBE-MEMS1.11.2.0
2025-05-10 14:09:21,163 [INFO] DbBoardsPdsc:90 - Found 43 items
2025-05-10 14:09:21,175 [INFO] DbBoardsPdsc:90 - Found 2 items
2025-05-10 14:09:21,189 [INFO] DbBoardsPdsc:90 - Found 5 items
2025-05-10 14:09:21,202 [WARN] DbBoardsPdsc:254 - Board STM32H7B3I-DK: unknown feature type=Audio, name=, username=Audio stereo codec with Headphone Amp (CS42L51-CNZ), n=1
2025-05-10 14:09:21,202 [WARN] DbBoardsPdsc:254 - Board STM32H735G-DK: unknown feature type=Audio, name=, username=Audio stereo codec with Headphone Amp (WM8994ECS/R), n=1
2025-05-10 14:09:21,204 [WARN] DbBoardsPdsc:254 - Board STM32H7B3I-EVAL: unknown feature type=Audio, name=, username=Multi-Channel Audio Codec (CS42L51-CNZ), n=1
2025-05-10 14:09:21,204 [WARN] DbBoardsPdsc:254 - Board STM32H7B3I-EVAL: unknown feature type=Meter, name=, username=Power-metering and Temperature-monitoring with sigma-delta modulators, n=1
2025-05-10 14:09:21,204 [WARN] DbBoardsPdsc:254 - Board STM32H7B3I-EVAL: unknown feature type=Motor, name=, username=Motor Control, n=1
2025-05-10 14:09:21,205 [WARN] DbBoardsPdsc:254 - Board STM32U575I-EV: unknown feature type=joystick, name=, username=4-direction joystick with selection button, n=1
2025-05-10 14:09:21,217 [INFO] DbBoardsJson:86 - JSON generation date=Tue Nov 16 23:17:54 ICT 2021 (1637079474)
2025-05-10 14:09:21,223 [INFO] DbBoards:117 - Found 167 boards (163 are supported by CubeMX)
2025-05-10 14:09:21,225 [INFO] DbBoardsDocs:143 - JSON generation date=Tue Nov 16 23:17:54 ICT 2021 (1637079474)
2025-05-10 14:09:21,229 [INFO] DbBoardsDocs:79 - Found 209 boards documents
2025-05-10 14:09:21,231 [WARN] DbBoards:127 - board B-L475E-IOT01A2 has no document id list !
2025-05-10 14:09:21,231 [WARN] DbBoards:127 - board NUCLEO-H743ZI has no document id list !
2025-05-10 14:09:21,233 [WARN] DbBoards:127 - board NUCLEO-WL55JC2 has no document id list !
2025-05-10 14:09:21,233 [WARN] DbBoards:127 - board P-NUCLEO-WB55-Nucleo has no document id list !
2025-05-10 14:09:21,233 [WARN] DbBoards:127 - board P-NUCLEO-WB55-USBDongle has no document id list !
2025-05-10 14:09:21,233 [WARN] DbBoards:127 - board STEVAL-BFA001V1B has no document id list !
2025-05-10 14:09:21,233 [WARN] DbBoards:127 - board STEVAL-BFA001V2B has no document id list !
2025-05-10 14:09:21,233 [WARN] DbBoards:127 - board STEVAL-IDP005V1 has no document id list !
2025-05-10 14:09:21,233 [WARN] DbBoards:127 - board STEVAL-IDP005V2 has no document id list !
2025-05-10 14:09:21,233 [WARN] DbBoards:127 - board STEVAL-MKSBOX1V1 has no document id list !
2025-05-10 14:09:21,233 [WARN] DbBoards:127 - board STEVAL-STWINKT1 has no document id list !
2025-05-10 14:09:21,233 [WARN] DbBoards:127 - board STEVAL-STWINKT1B has no document id list !
2025-05-10 14:09:21,233 [WARN] DbBoards:127 - board STM32439I-EVAL2 has no document id list !
2025-05-10 14:09:21,233 [WARN] DbBoards:127 - board STM32F401C-DISCO has no document id list !
2025-05-10 14:09:21,233 [WARN] DbBoards:127 - board STM32F769I-DISC1 has no document id list !
2025-05-10 14:09:21,235 [WARN] DbBoards:127 - board STM32G474E-EVAL1 has no document id list !
2025-05-10 14:09:21,235 [WARN] DbBoards:127 - board STM32H743I-EVAL2 has no document id list !
2025-05-10 14:09:21,235 [WARN] DbBoards:127 - board STM32H747I-DISC1 has no document id list !
2025-05-10 14:09:21,235 [WARN] DbBoards:127 - board STM32H753I-EVAL2 has no document id list !
2025-05-10 14:09:21,235 [WARN] DbBoards:127 - board STM32L-DISCOVERY has no document id list !
2025-05-10 14:09:21,348 [WARN] PackLoader:238 - Cannot read IP mode file for STMicroelectronics.X-CUBE-AZRTOS-G0.1.1.0
2025-05-10 14:09:21,368 [ERROR] DbBoards:189 - Image file not found for board B-U585I-IOT02A: C:\ST\STM32CubeIDE_1.7.0\STM32CubeIDE\plugins\com.st.stm32cube.common.mx_6.3.0.202107141111\\db\/plugins/mcufinder/images/boards/B-U585I-IOT02A_small.jpg
2025-05-10 14:09:21,368 [WARN] PackLoader:238 - Cannot read IP mode file for STMicroelectronics.X-CUBE-SAFEA1.1.2.2
2025-05-10 14:09:21,383 [WARN] PackLoader:238 - Cannot read IP mode file for STMicroelectronics.X-CUBE-NFC4.3.0.0
2025-05-10 14:09:21,396 [ERROR] Engine:463 - C:\Users\ADMIN\.stm32cubemx\thirdparties\pdsc\EmbeddedOffice.I-CUBE-FS-RTOS.1.0.1.pdsc: PDSC version is not supported
2025-05-10 14:09:21,402 [WARN] PackLoader:238 - Cannot read IP mode file for STMicroelectronics.X-CUBE-WB05N.2.0.0
2025-05-10 14:09:21,412 [ERROR] Engine:463 - C:\Users\ADMIN\.stm32cubemx\thirdparties\pdsc\STMicroelectronics.X-CUBE-TCPP.4.2.0.pdsc: PDSC version is not supported
2025-05-10 14:09:21,427 [ERROR] Engine:463 - C:\Users\ADMIN\.stm32cubemx\thirdparties\pdsc\RealThread.X-CUBE-RT-Thread_Nano.4.1.1.pdsc: PDSC version is not supported
2025-05-10 14:09:21,431 [WARN] PackLoader:238 - Cannot read IP mode file for STMicroelectronics.FP-ATR-SIGFOX1.3.2.0
2025-05-10 14:09:21,445 [WARN] PackLoader:238 - Cannot read IP mode file for wolfSSL.I-CUBE-wolfSSL.5.7.2
2025-05-10 14:09:21,445 [ERROR] Engine:463 - C:\Users\ADMIN\.stm32cubemx\thirdparties\pdsc\quantropi.X-CUBE-qispace-sdk-base.1.9.3.pdsc: PDSC version is not supported
2025-05-10 14:09:21,457 [ERROR] DbBoards:189 - Image file not found for board NUCLEO-F413ZH: C:\ST\STM32CubeIDE_1.7.0\STM32CubeIDE\plugins\com.st.stm32cube.common.mx_6.3.0.202107141111\\db\/plugins/mcufinder/images/boards/nucleo-f413zh_small.jpg
2025-05-10 14:09:21,459 [WARN] PackLoader:238 - Cannot read IP mode file for STMicroelectronics.X-CUBE-EEPRMA1.5.1.0
2025-05-10 14:09:21,475 [ERROR] Engine:463 - C:\Users\ADMIN\.stm32cubemx\thirdparties\pdsc\ITTIA_DB.I-CUBE-ITTIADB.8.9.0.pdsc: PDSC version is not supported
2025-05-10 14:09:21,509 [WARN] PackLoader:238 - Cannot read IP mode file for SEGGER.I-CUBE-embOS.1.3.1
2025-05-10 14:09:21,554 [WARN] PackLoader:238 - Cannot read IP mode file for STMicroelectronics.X-CUBE-ALGOBUILD.1.4.0
2025-05-10 14:09:21,570 [WARN] PackLoader:238 - Cannot read IP mode file for STMicroelectronics.X-CUBE-AI.9.1.0
2025-05-10 14:09:21,602 [WARN] PackLoader:238 - Cannot read IP mode file for STMicroelectronics.X-CUBE-AZRTOS-F4.1.1.0
2025-05-10 14:09:21,602 [ERROR] Engine:463 - C:\Users\ADMIN\.stm32cubemx\thirdparties\pdsc\Avnet-IotConnect.X-CUBE-IoTC-DA16k-PMOD.1.0.0.pdsc: PDSC version is not supported
2025-05-10 14:09:21,618 [ERROR] DbBoards:189 - Image file not found for board NUCLEO-L552ZE-Q: C:\ST\STM32CubeIDE_1.7.0\STM32CubeIDE\plugins\com.st.stm32cube.common.mx_6.3.0.202107141111\\db\/plugins/mcufinder/images/boards/nucleo_l552ze_q_small.jpg
2025-05-10 14:09:21,618 [ERROR] DbBoards:189 - Image file not found for board NUCLEO-U575ZI-Q: C:\ST\STM32CubeIDE_1.7.0\STM32CubeIDE\plugins\com.st.stm32cube.common.mx_6.3.0.202107141111\\db\/plugins/mcufinder/images/boards/nucleo-u575zi-q_small.jpg
2025-05-10 14:09:21,618 [WARN] PackLoader:238 - Cannot read IP mode file for STMicroelectronics.X-CUBE-ISPU.2.1.0
2025-05-10 14:09:21,618 [ERROR] DbBoards:189 - Image file not found for board NUCLEO-WB15CC: C:\ST\STM32CubeIDE_1.7.0\STM32CubeIDE\plugins\com.st.stm32cube.common.mx_6.3.0.202107141111\\db\/plugins/mcufinder/images/boards/nucleo-wb15cc_small.jpg
2025-05-10 14:09:21,618 [ERROR] DbBoards:189 - Image file not found for board NUCLEO-WB55RG: C:\ST\STM32CubeIDE_1.7.0\STM32CubeIDE\plugins\com.st.stm32cube.common.mx_6.3.0.202107141111\\db\/plugins/mcufinder/images/boards/nucleo-wb55rg_small.jpg
2025-05-10 14:09:21,633 [ERROR] Engine:463 - C:\Users\ADMIN\.stm32cubemx\thirdparties\pdsc\STMicroelectronics.X-CUBE-FREERTOS.1.2.0.pdsc: PDSC version is not supported
2025-05-10 14:09:21,649 [WARN] PackLoader:238 - Cannot read IP mode file for STMicroelectronics.X-CUBE-AZRTOS-L5.2.0.0
2025-05-10 14:09:21,685 [WARN] PackLoader:238 - Cannot read IP mode file for STMicroelectronics.X-CUBE-NFC6.3.1.0
2025-05-10 14:09:21,697 [ERROR] Engine:463 - C:\Users\ADMIN\.stm32cubemx\thirdparties\pdsc\STMicroelectronics.X-CUBE-DPower.1.2.0.pdsc: PDSC version is not supported
2025-05-10 14:09:21,697 [ERROR] Engine:463 - C:\Users\ADMIN\.stm32cubemx\thirdparties\pdsc\STMicroelectronics.X-CUBE-FREERTOS.1.3.1.pdsc: PDSC version is not supported
2025-05-10 14:09:21,712 [ERROR] Engine:463 - C:\Users\ADMIN\.stm32cubemx\thirdparties\pdsc\STMicroelectronics.X-CUBE-FREERTOS.1.3.0.pdsc: PDSC version is not supported
2025-05-10 14:09:21,718 [WARN] PackLoader:238 - Cannot read IP mode file for STMicroelectronics.X-CUBE-NFC7.1.0.1
2025-05-10 14:09:21,728 [ERROR] Engine:463 - C:\Users\ADMIN\.stm32cubemx\thirdparties\pdsc\STMicroelectronics.X-CUBE-DPower.1.3.0.pdsc: PDSC version is not supported
2025-05-10 14:09:21,762 [WARN] ConditionMgr:437 - getConditionDescription Invalid condition id : LAN8742 Phy interface Condition cause : null
2025-05-10 14:09:21,762 [WARN] PackLoader:238 - Cannot read IP mode file for STMicroelectronics.X-CUBE-AZRTOS-L4.2.0.0
2025-05-10 14:09:21,762 [WARN] ConditionMgr:1038 - genDependencies : Invalid condition id : LAN8742 Phy interface Condition cause : null
2025-05-10 14:09:21,762 [WARN] ConditionMgr:1038 - genDependencies : Invalid condition id : LAN8742 Phy interface Condition cause : null
2025-05-10 14:09:21,762 [WARN] ConditionMgr:1038 - genDependencies : Invalid condition id : LAN8742 Phy interface Condition cause : null
2025-05-10 14:09:21,788 [WARN] PackLoader:238 - Cannot read IP mode file for STMicroelectronics.X-CUBE-SFXS2LP1.4.0.0
2025-05-10 14:09:21,830 [WARN] PackLoader:238 - Cannot read IP mode file for STMicroelectronics.X-CUBE-AZRTOS-H7.3.3.0
2025-05-10 14:09:21,840 [ERROR] Engine:463 - C:\Users\ADMIN\.stm32cubemx\thirdparties\pdsc\STMicroelectronics.X-CUBE-IPS.3.0.0.pdsc: PDSC version is not supported
2025-05-10 14:09:21,871 [WARN] ConditionMgr:437 - getConditionDescription Invalid condition id : UX DEVICE CLASS RTOS Condition cause : null
2025-05-10 14:09:21,871 [WARN] ConditionMgr:437 - getConditionDescription Invalid condition id : UX DEVICE CLASS RTOS Condition cause : null
2025-05-10 14:09:21,871 [WARN] PackLoader:238 - Cannot read IP mode file for STMicroelectronics.X-CUBE-AZRTOS-WB.2.0.0
2025-05-10 14:09:21,871 [WARN] ConditionMgr:1038 - genDependencies : Invalid condition id : UX DEVICE CLASS RTOS Condition cause : null
2025-05-10 14:09:21,871 [WARN] ConditionMgr:1038 - genDependencies : Invalid condition id : UX DEVICE CLASS RTOS Condition cause : null
2025-05-10 14:09:21,871 [WARN] ConditionMgr:1038 - genDependencies : Invalid condition id : UX DEVICE CLASS RTOS Condition cause : null
2025-05-10 14:09:21,871 [WARN] ConditionMgr:1038 - genDependencies : Invalid condition id : UX DEVICE CLASS RTOS Condition cause : null
2025-05-10 14:09:21,871 [WARN] ConditionMgr:1038 - genDependencies : Invalid condition id : UX DEVICE CLASS RTOS Condition cause : null
2025-05-10 14:09:21,893 [WARN] PackLoader:238 - Cannot read IP mode file for STMicroelectronics.X-CUBE-GNSS1.7.0.0
2025-05-10 14:09:21,907 [WARN] PackLoader:238 - Cannot read IP mode file for STMicroelectronics.X-CUBE-GNSS1.7.0.1
2025-05-10 14:09:21,919 [WARN] PackLoader:238 - Cannot read IP mode file for STMicroelectronics.X-CUBE-TOUCHGFX.4.25.0
2025-05-10 14:09:21,937 [ERROR] Engine:463 - C:\Users\ADMIN\.stm32cubemx\thirdparties\pdsc\STMicroelectronics.FP-SNS-STBOX1.2.0.0.pdsc: PDSC version is not supported
2025-05-10 14:09:21,962 [WARN] PackLoader:238 - Cannot read IP mode file for STMicroelectronics.X-CUBE-SUBG2.5.0.0
2025-05-10 14:09:22,006 [WARN] PackLoader:238 - Cannot read IP mode file for STMicroelectronics.X-CUBE-AZRTOS-H7RS.1.1.0
2025-05-10 14:09:22,009 [ERROR] Engine:463 - C:\Users\ADMIN\.stm32cubemx\thirdparties\pdsc\Cesanta.I-CUBE-Mongoose.7.13.0.pdsc: PDSC version is not supported
2025-05-10 14:09:22,036 [WARN] PackLoader:238 - Cannot read IP mode file for STMicroelectronics.X-CUBE-AZRTOS-G4.2.0.0
2025-05-10 14:09:22,042 [WARN] PackLoader:238 - Cannot read IP mode file for STMicroelectronics.X-CUBE-NFC7.2.0.0
2025-05-10 14:09:22,058 [ERROR] Engine:463 - C:\Users\ADMIN\.stm32cubemx\thirdparties\pdsc\STMicroelectronics.X-CUBE-IPS.3.1.0.pdsc: PDSC version is not supported
2025-05-10 14:09:22,062 [ERROR] Engine:463 - C:\Users\ADMIN\.stm32cubemx\thirdparties\pdsc\STMicroelectronics.X-CUBE-ALS.1.0.2.pdsc: PDSC version is not supported
2025-05-10 14:09:22,078 [WARN] PackLoader:238 - Cannot read IP mode file for STMicroelectronics.X-CUBE-TOUCHGFX.4.24.1
2025-05-10 14:09:22,078 [WARN] PackLoader:238 - Cannot read IP mode file for wolfSSL.I-CUBE-wolfTPM.3.4.0
2025-05-10 14:09:22,095 [WARN] PackLoader:238 - Cannot read IP mode file for portGmbH.I-Cube-SoM-uGOAL.1.1.0
2025-05-10 14:09:22,127 [WARN] PackLoader:238 - Cannot read IP mode file for STMicroelectronics.X-CUBE-AZRTOS-H7RS.1.0.0
2025-05-10 14:09:22,143 [WARN] PackLoader:238 - Cannot read IP mode file for STMicroelectronics.FP-ATR-ASTRA1.2.0.0
2025-05-10 14:09:22,157 [ERROR] Engine:463 - C:\Users\ADMIN\.stm32cubemx\thirdparties\pdsc\STMicroelectronics.X-CUBE-TOF1.3.4.2.pdsc: PDSC version is not supported
2025-05-10 14:09:22,173 [ERROR] Engine:463 - C:\Users\ADMIN\.stm32cubemx\thirdparties\pdsc\STMicroelectronics.X-CUBE-TOF1.3.4.3.pdsc: PDSC version is not supported
2025-05-10 14:09:22,189 [ERROR] Engine:463 - C:\Users\ADMIN\.stm32cubemx\thirdparties\pdsc\Infineon.AIROC-Wi-Fi-Bluetooth-STM32.1.6.1.pdsc: PDSC version is not supported
2025-05-10 14:09:22,189 [WARN] PackLoader:238 - Cannot read IP mode file for wolfSSL.I-CUBE-wolfSSH.1.4.17
2025-05-10 14:09:22,189 [INFO] ThirdParty:915 - Integrity check success = true
2025-05-10 14:09:22,189 [INFO] IntegrityCheckThread:94 - exiting critical section [integrity check]
2025-05-10 14:09:22,189 [INFO] IntegrityCheckThread:97 - End integrity checks thread
2025-05-10 14:09:22,537 [INFO] ApiDb:251 - Load user favorites file C:\Users\ADMIN/.stm32cubeide/favorites.boards.txt: 0 item(s)
2025-05-10 14:09:22,537 [INFO] ApiDb:255 - User favorites Boards=[]
2025-05-10 14:09:22,537 [INFO] DbBoards:206 - Set 0 / 0 favorites Boards
2025-05-10 14:09:22,553 [INFO] DbBoardsDocs:79 - Found 418 boards documents
2025-05-10 14:09:22,553 [INFO] ApiDb:276 - Save user favorites file C:\Users\ADMIN/.stm32cubeide/favorites.boards.txt: 0 item(s)
2025-05-10 14:09:22,553 [INFO] ApiDb:280 - User favorites Boards=[]
2025-05-10 14:09:22,553 [INFO] DbBoardsPdsc:90 - Found 25 items
2025-05-10 14:09:22,553 [INFO] DbBoardsPdsc:90 - Found 9 items
2025-05-10 14:09:22,553 [INFO] DbBoardsPdsc:90 - Found 33 items
2025-05-10 14:09:22,553 [INFO] DbBoardsPdsc:90 - Found 1 items
2025-05-10 14:09:22,553 [INFO] DbBoardsPdsc:90 - Found 48 items
2025-05-10 14:09:22,553 [INFO] DbBoardsPdsc:90 - Found 43 items
2025-05-10 14:09:22,553 [INFO] DbBoardsPdsc:90 - Found 2 items
2025-05-10 14:09:22,553 [INFO] DbBoardsPdsc:90 - Found 5 items
2025-05-10 14:09:22,569 [WARN] DbBoardsPdsc:254 - Board STM32H7B3I-DK: unknown feature type=Audio, name=, username=Audio stereo codec with Headphone Amp (CS42L51-CNZ), n=1
2025-05-10 14:09:22,569 [WARN] DbBoardsPdsc:254 - Board STM32H735G-DK: unknown feature type=Audio, name=, username=Audio stereo codec with Headphone Amp (WM8994ECS/R), n=1
2025-05-10 14:09:22,569 [WARN] DbBoardsPdsc:254 - Board STM32H7B3I-EVAL: unknown feature type=Audio, name=, username=Multi-Channel Audio Codec (CS42L51-CNZ), n=1
2025-05-10 14:09:22,569 [WARN] DbBoardsPdsc:254 - Board STM32H7B3I-EVAL: unknown feature type=Meter, name=, username=Power-metering and Temperature-monitoring with sigma-delta modulators, n=1
2025-05-10 14:09:22,569 [WARN] DbBoardsPdsc:254 - Board STM32H7B3I-EVAL: unknown feature type=Motor, name=, username=Motor Control, n=1
2025-05-10 14:09:22,569 [WARN] DbBoardsPdsc:254 - Board STM32U575I-EV: unknown feature type=joystick, name=, username=4-direction joystick with selection button, n=1
2025-05-10 14:09:22,569 [INFO] DbBoardsJson:86 - JSON generation date=Tue Nov 16 23:17:54 ICT 2021 (1637079474)
2025-05-10 14:09:22,585 [INFO] DbBoards:117 - Found 167 boards (163 are supported by CubeMX)
2025-05-10 14:09:22,585 [WARN] DbBoards:127 - board B-L475E-IOT01A2 has no document id list !
2025-05-10 14:09:22,585 [WARN] DbBoards:127 - board NUCLEO-H743ZI has no document id list !
2025-05-10 14:09:22,585 [WARN] DbBoards:127 - board NUCLEO-WL55JC2 has no document id list !
2025-05-10 14:09:22,585 [WARN] DbBoards:127 - board P-NUCLEO-WB55-Nucleo has no document id list !
2025-05-10 14:09:22,585 [WARN] DbBoards:127 - board P-NUCLEO-WB55-USBDongle has no document id list !
2025-05-10 14:09:22,585 [WARN] DbBoards:127 - board STEVAL-BFA001V1B has no document id list !
2025-05-10 14:09:22,585 [WARN] DbBoards:127 - board STEVAL-BFA001V2B has no document id list !
2025-05-10 14:09:22,585 [WARN] DbBoards:127 - board STEVAL-IDP005V1 has no document id list !
2025-05-10 14:09:22,585 [WARN] DbBoards:127 - board STEVAL-IDP005V2 has no document id list !
2025-05-10 14:09:22,585 [WARN] DbBoards:127 - board STEVAL-MKSBOX1V1 has no document id list !
2025-05-10 14:09:22,585 [WARN] DbBoards:127 - board STEVAL-STWINKT1 has no document id list !
2025-05-10 14:09:22,585 [WARN] DbBoards:127 - board STEVAL-STWINKT1B has no document id list !
2025-05-10 14:09:22,585 [WARN] DbBoards:127 - board STM32439I-EVAL2 has no document id list !
2025-05-10 14:09:22,585 [WARN] DbBoards:127 - board STM32F401C-DISCO has no document id list !
2025-05-10 14:09:22,585 [WARN] DbBoards:127 - board STM32F769I-DISC1 has no document id list !
2025-05-10 14:09:22,585 [WARN] DbBoards:127 - board STM32G474E-EVAL1 has no document id list !
2025-05-10 14:09:22,585 [WARN] DbBoards:127 - board STM32H743I-EVAL2 has no document id list !
2025-05-10 14:09:22,585 [WARN] DbBoards:127 - board STM32H747I-DISC1 has no document id list !
2025-05-10 14:09:22,585 [WARN] DbBoards:127 - board STM32H753I-EVAL2 has no document id list !
2025-05-10 14:09:22,585 [WARN] DbBoards:127 - board STM32L-DISCOVERY has no document id list !
2025-05-10 14:09:22,633 [ERROR] DbBoards:189 - Image file not found for board B-U585I-IOT02A: C:\ST\STM32CubeIDE_1.7.0\STM32CubeIDE\plugins\com.st.stm32cube.common.mx_6.3.0.202107141111\\db\/plugins/mcufinder/images/boards/B-U585I-IOT02A_small.jpg
2025-05-10 14:09:22,696 [ERROR] DbBoards:189 - Image file not found for board NUCLEO-F413ZH: C:\ST\STM32CubeIDE_1.7.0\STM32CubeIDE\plugins\com.st.stm32cube.common.mx_6.3.0.202107141111\\db\/plugins/mcufinder/images/boards/nucleo-f413zh_small.jpg
2025-05-10 14:09:22,824 [ERROR] DbBoards:189 - Image file not found for board NUCLEO-L552ZE-Q: C:\ST\STM32CubeIDE_1.7.0\STM32CubeIDE\plugins\com.st.stm32cube.common.mx_6.3.0.202107141111\\db\/plugins/mcufinder/images/boards/nucleo_l552ze_q_small.jpg
2025-05-10 14:09:22,824 [ERROR] DbBoards:189 - Image file not found for board NUCLEO-U575ZI-Q: C:\ST\STM32CubeIDE_1.7.0\STM32CubeIDE\plugins\com.st.stm32cube.common.mx_6.3.0.202107141111\\db\/plugins/mcufinder/images/boards/nucleo-u575zi-q_small.jpg
2025-05-10 14:09:22,824 [ERROR] DbBoards:189 - Image file not found for board NUCLEO-WB15CC: C:\ST\STM32CubeIDE_1.7.0\STM32CubeIDE\plugins\com.st.stm32cube.common.mx_6.3.0.202107141111\\db\/plugins/mcufinder/images/boards/nucleo-wb15cc_small.jpg
2025-05-10 14:09:22,824 [ERROR] DbBoards:189 - Image file not found for board NUCLEO-WB55RG: C:\ST\STM32CubeIDE_1.7.0\STM32CubeIDE\plugins\com.st.stm32cube.common.mx_6.3.0.202107141111\\db\/plugins/mcufinder/images/boards/nucleo-wb55rg_small.jpg
2025-05-10 14:09:23,374 [INFO] ApiDb:251 - Load user favorites file C:\Users\ADMIN/.stm32cubeide/favorites.boards.txt: 0 item(s)
2025-05-10 14:09:23,374 [INFO] ApiDb:255 - User favorites Boards=[]
2025-05-10 14:09:23,374 [INFO] DbBoards:206 - Set 0 / 0 favorites Boards
2025-05-10 14:09:23,473 [INFO] ServerAccessManage:362 - Download File 
2025-05-10 14:09:23,485 [INFO] LoadUrlFilesThread:172 - End of LoadServerUrlFiles without Thread
2025-05-10 14:09:23,485 [INFO] TargetSelectorAdapter:224 - Refresh data is successful
2025-05-10 14:09:23,613 [INFO] ApiDb:479 - Connected to CubeFinder SQLite database (C:\Users\ADMIN\.stmcufinder\plugins\mcufinder\mcu\cube-finder-db.db)
2025-05-10 14:09:24,189 [ERROR] DbExamplesSqlite:446 - Missing JSON key: board_cpn
2025-05-10 14:09:24,191 [ERROR] DbExamplesSqlite:446 - Missing JSON key: board_cpn
2025-05-10 14:09:24,191 [ERROR] DbExamplesSqlite:446 - Missing JSON key: board_cpn
2025-05-10 14:09:24,191 [ERROR] DbExamplesSqlite:446 - Missing JSON key: board_cpn
2025-05-10 14:09:24,278 [ERROR] DbExamplesSqlite:446 - Missing JSON key: board_cpn
2025-05-10 14:09:24,278 [ERROR] DbExamplesSqlite:446 - Missing JSON key: board_cpn
2025-05-10 14:09:24,278 [ERROR] DbExamplesSqlite:446 - Missing JSON key: board_cpn
2025-05-10 14:09:24,278 [ERROR] DbExamplesSqlite:446 - Missing JSON key: board_cpn
2025-05-10 14:09:24,278 [ERROR] DbExamplesSqlite:446 - Missing JSON key: board_cpn
2025-05-10 14:09:24,278 [ERROR] DbExamplesSqlite:446 - Missing JSON key: board_cpn
2025-05-10 14:09:24,278 [ERROR] DbExamplesSqlite:446 - Missing JSON key: board_cpn
2025-05-10 14:09:24,278 [ERROR] DbExamplesSqlite:446 - Missing JSON key: board_cpn
2025-05-10 14:09:24,280 [ERROR] DbExamplesSqlite:446 - Missing JSON key: board_cpn
2025-05-10 14:09:24,373 [ERROR] DbExamplesSqlite:446 - Missing JSON key: board_cpn
2025-05-10 14:09:24,373 [INFO] DbExamplesSqlite:411 - Ignored 46 examples not supported by CubeIDE
2025-05-10 14:09:24,373 [INFO] DbExamplesSqlite:412 - Found 10821 examples active
2025-05-10 14:09:24,373 [INFO] DbExamplesSqlite:413 - Found 0 examples obsolete
2025-05-10 14:09:24,373 [INFO] DbExamplesSqlite:414 - Found 0 examples under development
2025-05-10 14:09:24,373 [INFO] DbExamplesSqlite:415 - Found 79 examples not building
2025-05-10 14:09:24,420 [INFO] DbExamplesSqlite:108 - CubeFinder database Data Model version=2.1
2025-05-10 14:09:24,420 [INFO] DbExamplesSqlite:109 - CubeFinder database Configuration version=3.0.39
2025-05-10 14:09:24,420 [INFO] DbExamplesSqlite:110 - CubeFinder database generation date=2025-04-23 (1745419778)
2025-05-10 14:09:24,420 [INFO] DbExamplesSqlite:111 - CubeFinder database FW Pack versions=[FP-ATR-ASTRA1_V2.0.0, FP-SNS-FLIGHT1_V5.1.0, FP-SNS-MOTENV1_V5.0.0, FP-SNS-MOTENVWB1_V1.4.0, FP-SNS-SMARTAG2_V1.2.0, FP-SNS-STBOX1_V2.0.0, STM32Cube_FW_C0_V1.4.0, STM32Cube_FW_F4_V1.28.1, STM32Cube_FW_F7_V1.17.2, STM32Cube_FW_G0_V1.6.2, STM32Cube_FW_G4_V1.6.1, STM32Cube_FW_H5_V1.5.0, STM32Cube_FW_H7RS_V1.2.0, STM32Cube_FW_H7_V1.12.1, STM32Cube_FW_L0_V1.12.2, STM32Cube_FW_L4_V1.18.1, STM32Cube_FW_L5_V1.5.1, STM32Cube_FW_N6_V1.1.1, STM32Cube_FW_U0_V1.2.0, STM32Cube_FW_U3_V1.1.0, STM32Cube_FW_U5_V1.7.0, STM32Cube_FW_WB0_V1.2.0, STM32Cube_FW_WBA_V1.6.0, STM32Cube_FW_WB_V1.22.0, STM32Cube_FW_WL3_V1.1.0, STM32Cube_FW_WL_V1.3.1, X-CUBE-ALGOBUILD_V1.4.0, X-CUBE-ALS_V1.0.2, X-CUBE-AZRTOS-F4_V1.1.0, X-CUBE-AZRTOS-F7_V1.1.0, X-CUBE-AZRTOS-G0_V1.1.0, X-CUBE-AZRTOS-G4_V2.0.0, X-CUBE-AZRTOS-H7RS_V1.1.0, X-CUBE-AZRTOS-H7_V3.3.0, X-CUBE-AZRTOS-L4_V2.0.0, X-CUBE-AZRTOS-L5_V2.0.0, X-CUBE-AZRTOS-WB_V2.0.0, X-CUBE-AZRTOS-WL_V2.0.0, X-CUBE-BLE1_V7.1.0, X-CUBE-BLE2_V3.3.0, X-CUBE-BLEMGR_V4.0.0, X-CUBE-EEPRMA1_V5.1.0, X-CUBE-FREERTOS_V1.3.0, X-CUBE-GNSS1_V6.0.0, X-CUBE-MEMS1_V11.2.0, X-CUBE-NFC4_V3.0.0, X-CUBE-NFC7_V1.0.1, X-CUBE-SFXS2LP1_V4.0.0, X-CUBE-SUBG2_V5.0.0, X-CUBE-TOF1_V3.4.3]
2025-05-10 14:09:24,441 [INFO] DbExamples:130 - Found 10854 examples
2025-05-10 14:09:25,104 [ERROR] DbExamples:206 - Found 10854 examples with invalid data (board or MCU)
2025-05-10 14:09:25,104 [INFO] DbExamples:222 - Found 96 boards with related examples
2025-05-10 14:09:25,104 [INFO] DbExamples:235 - Found 0 MCUs with related examples
2025-05-10 14:09:25,120 [INFO] ApiDb:242 - User favorites file not found: C:\Users\ADMIN/.stm32cubeide/favorites.examples.txt
2025-05-10 14:09:25,120 [INFO] DbExamples:256 - Set 0 / 0 favorites Examples
2025-05-10 14:09:25,406 [INFO] McuFinderGlobals:52 - Set McuFinderConnectedMode to false
2025-05-10 14:09:25,485 [INFO] CrossSelectorPresenter:1330 - Cross Selector saved comparison directory: C:\Users\ADMIN\.stmcufinder\plugins\mcufinder\mcu\cs_comparisons_mx
2025-05-10 14:09:25,485 [INFO] MultiScanPanel:197 - Auto-refresh data requested => check proxy status ongoing
2025-05-10 14:09:25,485 [INFO] MultiScanPanel:201 - Proxy status is invalid
2025-05-10 14:09:25,501 [INFO] FinderPluginLoader:87 - Searching for filters in installed packs
2025-05-10 14:09:25,866 [INFO] DetailPanel:309 - Set advertising image to C:/Users/ADMIN/STM32Cube/Repository/\en.summit-h1-25-promotion.jpg
2025-05-10 14:09:29,640 [INFO] MultiScanPanel:197 - Auto-refresh data requested => check proxy status ongoing
2025-05-10 14:09:29,640 [INFO] MultiScanPanel:201 - Proxy status is invalid
2025-05-10 14:09:29,672 [INFO] DetailPanel:309 - Set advertising image to C:/Users/ADMIN/STM32Cube/Repository/\en.summit-h1-25-promotion.jpg
2025-05-10 14:10:22,799 [INFO] McuFinderGlobals:52 - Set McuFinderConnectedMode to true
2025-05-10 14:10:22,799 [INFO] ApiDb:276 - Save user favorites file C:\Users\ADMIN/.stm32cubeide/favorites.mcus.txt: 0 item(s)
2025-05-10 14:10:22,799 [INFO] ApiDb:280 - User favorites MCUs=[]
2025-05-10 14:10:22,799 [INFO] ApiDb:276 - Save user favorites file C:\Users\ADMIN/.stm32cubeide/favorites.boards.txt: 0 item(s)
2025-05-10 14:10:22,799 [INFO] ApiDb:280 - User favorites Boards=[]
2025-05-14 23:06:37,930 [INFO] Activator:177 - 


2025-05-14 23:06:37,932 [INFO] Activator:178 - !SESSION log4j initialized
2025-05-16 16:53:47,856 [INFO] Activator:177 - 


2025-05-16 16:53:47,858 [INFO] Activator:178 - !SESSION log4j initialized
2025-05-17 18:00:48,130 [INFO] Activator:177 - 


2025-05-17 18:00:48,132 [INFO] Activator:178 - !SESSION log4j initialized
2025-05-17 18:59:19,697 [INFO] Activator:177 - 


2025-05-17 18:59:19,700 [INFO] Activator:178 - !SESSION log4j initialized
2025-05-17 21:41:13,459 [INFO] Activator:177 - 


2025-05-17 21:41:13,462 [INFO] Activator:178 - !SESSION log4j initialized
2025-05-18 15:42:02,175 [INFO] Activator:177 - 


2025-05-18 15:42:02,181 [INFO] Activator:178 - !SESSION log4j initialized
2025-05-21 15:26:19,811 [INFO] Activator:177 - 


2025-05-21 15:26:19,813 [INFO] Activator:178 - !SESSION log4j initialized
